This is pdfTeX, Version 3.1415926-1.40.10 (TeX Live 2009/Debian) (format=prv_cheat 2012.9.22)  22 SEP 2012 18:42
entering extended mode
 %&-line parsing enabled.
**&prv_cheat _region_.tex
(./_region_.tex
LaTeX2e <2009/09/24>
Babel <v3.8l> and hyphenation patterns for english, usenglishmax, dumylang, noh
yphenation, loaded.
CUSTOMISED FORMAT. Preloaded files:
        .
 article.cls    2007/10/19 v1.4h Standard LaTeX document class
  size10.clo    2007/10/19 v1.4h Standard LaTeX file (size option)
 amsmath.sty    2000/07/18 v2.13 AMS math features
 amstext.sty    2000/06/29 v2.01
  amsgen.sty    1999/11/30 v2.0
  amsbsy.sty    1999/11/29 v1.2d
  amsopn.sty    1999/12/14 v2.01 operator names
 amssymb.sty    2009/06/22 v3.00
amsfonts.sty    2009/06/22 v3.00 Basic AMSFonts support
graphicx.sty    1999/02/16 v1.0f Enhanced LaTeX Graphics (DPC,SPQR)
  keyval.sty    1999/03/16 v1.13 key=value parser (DPC)
graphics.sty    2009/02/05 v1.0o Standard LaTeX Graphics (DPC,SPQR)
    trig.sty    1999/03/16 v1.09 sin cos tan (DPC)
graphics.cfg    2009/08/28 v1.8 graphics configuration of TeX Live
   dvips.def    1999/02/16 v3.0i Driver-dependant file (DPC,SPQR)
geometry.sty    2008/12/21 v4.2 Page Geometry
   ifpdf.sty    2009/04/10 v2.0 Provides the ifpdf switch (HO)
  ifvtex.sty    2008/11/04 v1.4 Switches for detecting VTeX and its modes (HO)
setspace.sty    2000/12/01 6.7 Contributed and Supported LaTeX2e package
multicol.sty    2008/12/05 v1.6h multicolumn formatting (FMi)
    umsa.fd    2009/06/22 v3.00 AMS symbols A
    umsb.fd    2009/06/22 v3.00 AMS symbols B
        .
No file _region_.aux.
LaTeX Font Info:    Checking defaults for OML/cmm/m/it on input line 15.
LaTeX Font Info:    ... okay on input line 15.
LaTeX Font Info:    Checking defaults for T1/cmr/m/n on input line 15.
LaTeX Font Info:    ... okay on input line 15.
LaTeX Font Info:    Checking defaults for OT1/cmr/m/n on input line 15.
LaTeX Font Info:    ... okay on input line 15.
LaTeX Font Info:    Checking defaults for OMS/cmsy/m/n on input line 15.
LaTeX Font Info:    ... okay on input line 15.
LaTeX Font Info:    Checking defaults for OMX/cmex/m/n on input line 15.
LaTeX Font Info:    ... okay on input line 15.
LaTeX Font Info:    Checking defaults for U/cmr/m/n on input line 15.
LaTeX Font Info:    ... okay on input line 15.
(/usr/share/texmf/tex/latex/preview/preview.sty
Package: preview 2010/02/14 11.86 (AUCTeX/preview-latex)

(/usr/share/texmf/tex/latex/preview/prtightpage.def
\PreviewBorder=\dimen126
)
(/usr/share/texmf/tex/latex/preview/prauctex.def
No auxiliary output files.


\hbadness=\count110
\hfuzz=\dimen127
(/usr/share/texmf/tex/latex/preview/prauctex.cfg))
(/usr/share/texmf/tex/latex/preview/prfootnotes.def)
\pr@snippet=\count111
\pr@box=\box54
\pr@output=\toks21

Preview: Fontsize 10pt
)
*geometry auto-detecting driver*
*geometry detected driver: dvips*
-------------------- Geometry parameters
paper: a5paper
landscape: true
twocolumn: --
twoside: true
asymmetric: --
h-parts: 14.22636pt, 569.05515pt, 14.22636pt
v-parts: 14.22636pt, 392.64806pt, 14.22636pt
hmarginratio: --
vmarginratio: --
lines: --
heightrounded: --
bindingoffset: 0.0pt
truedimen: --
includehead: --
includefoot: --
includemp: --
driver: dvips
-------------------- Page layout dimensions and switches
\paperwidth  597.50787pt
\paperheight 421.10078pt
\textwidth  569.05515pt
\textheight 392.64806pt
\oddsidemargin  -58.04362pt
\evensidemargin -58.04362pt
\topmargin  -95.04362pt
\headheight 12.0pt
\headsep    25.0pt
\footskip   30.0pt
\marginparwidth 121.0pt
\marginparsep   11.0pt
\columnsep  10.0pt
\skip\footins  9.0pt plus 4.0pt minus 2.0pt
\hoffset 0.0pt
\voffset 0.0pt
\mag 1000
\@twosidetrue \@mparswitchtrue 
(1in=72.27pt, 1cm=28.45pt)
-----------------------
 !name(cheat.tex) !offset(-3) 
! Preview: Snippet 1 started.
<-><->
      
l.26   \begin{align*}
                     
Not a real error.


Package amsmath Warning: Foreign command \over;
(amsmath)                \frac or \genfrac should be used instead
(amsmath)                 on input line 45.

Preview: Tightpage -32891 -32891 32891 32891
! Preview: Snippet 1 ended.(20319502+0x11583895).
<-><->
      
l.45   \end{align*}
                   
Not a real error.

[1]
! Preview: Snippet 2 started.
<-><->
      
l.48   \begin{align*}
                     
Not a real error.

! Preview: Snippet 2 ended.(3453614+0x11586366).
<-><->
      
l.54   \end{align*}
                   
Not a real error.

[2]
! Preview: Snippet 3 started.
<-><->
      
l.57   \begin{align*}
                     
Not a real error.

! Preview: Snippet 3 ended.(14065204+0x11353725).
<-><->
      
l.66   \end{align*}
                   
Not a real error.

[3]
! Preview: Snippet 4 started.
<-><->
      
l.69   \begin{align*}
                     
Not a real error.

! Preview: Snippet 4 ended.(16659099+0x10189244).
<-><->
      
l.83   \end{align*}
                   
Not a real error.

[4]
! Preview: Snippet 5 started.
<-><->
      
l.86   \begin{align*}
                     
Not a real error.

! Preview: Snippet 5 ended.(3169336+0x10639150).
<-><->
      
l.89   \end{align*}
                   
Not a real error.

[5]
! Preview: Snippet 6 started.
<-><->
      
l.90   Carnot = 2 $
                   \times$ isotherm + 2 $\times$ adiabatic
Not a real error.

! Preview: Snippet 6 ended.(382293+54613x509726).
<-><->
      
l.90   Carnot = 2 $\times$
                           isotherm + 2 $\times$ adiabatic
Not a real error.

[6]
! Preview: Snippet 7 started.
<-><->
      
l.90   Carnot = 2 $\times$ isotherm + 2 $
                                         \times$ adiabatic
Not a real error.

! Preview: Snippet 7 ended.(382293+54613x509726).
<-><->
      
l.90   Carnot = 2 $\times$ isotherm + 2 $\times$
                                                 adiabatic
Not a real error.

[7]
! Preview: Snippet 8 started.
<-><->
      
l.92   \begin{align*}
                     
Not a real error.

! Preview: Snippet 8 ended.(10252630+0x10571233).
<-><->
      
l.100   \end{align*}
                    
Not a real error.

[8] ) 
Here is how much of TeX's memory you used:
 169 strings out of 493131
 2301 string characters out of 1158742
 86713 words of memory out of 3000000
 5255 multiletter control sequences out of 15000+50000
 7422 words of font info for 29 fonts, out of 3000000 for 9000
 28 hyphenation exceptions out of 8191
 22i,13n,22p,162b,265s stack positions out of 5000i,500n,10000p,200000b,50000s

Output written on _region_.dvi (8 pages, 8860 bytes).
