This is pdfTeX, Version 3.1415926-1.40.10 (TeX Live 2009/Debian) (format=latex 2012.5.7)  4 OCT 2012 20:59
entering extended mode
 %&-line parsing enabled.
**cheat.tex
(./cheat.tex
LaTeX2e <2009/09/24>
Babel <v3.8l> and hyphenation patterns for english, usenglishmax, dumylang, noh
yphenation, loaded.
(/usr/share/texmf-texlive/tex/latex/base/article.cls
Document Class: article 2007/10/19 v1.4h Standard LaTeX document class
(/usr/share/texmf-texlive/tex/latex/base/size10.clo
File: size10.clo 2007/10/19 v1.4h Standard LaTeX file (size option)
)
\c@part=\count79
\c@section=\count80
\c@subsection=\count81
\c@subsubsection=\count82
\c@paragraph=\count83
\c@subparagraph=\count84
\c@figure=\count85
\c@table=\count86
\abovecaptionskip=\skip41
\belowcaptionskip=\skip42
\bibindent=\dimen102
)
(/usr/share/texmf-texlive/tex/latex/amsmath/amsmath.sty
Package: amsmath 2000/07/18 v2.13 AMS math features
\@mathmargin=\skip43

For additional information on amsmath, use the `?' option.
(/usr/share/texmf-texlive/tex/latex/amsmath/amstext.sty
Package: amstext 2000/06/29 v2.01

(/usr/share/texmf-texlive/tex/latex/amsmath/amsgen.sty
File: amsgen.sty 1999/11/30 v2.0
\@emptytoks=\toks14
\ex@=\dimen103
))
(/usr/share/texmf-texlive/tex/latex/amsmath/amsbsy.sty
Package: amsbsy 1999/11/29 v1.2d
\pmbraise@=\dimen104
)
(/usr/share/texmf-texlive/tex/latex/amsmath/amsopn.sty
Package: amsopn 1999/12/14 v2.01 operator names
)
\inf@bad=\count87
LaTeX Info: Redefining \frac on input line 211.
\uproot@=\count88
\leftroot@=\count89
LaTeX Info: Redefining \overline on input line 307.
\classnum@=\count90
\DOTSCASE@=\count91
LaTeX Info: Redefining \ldots on input line 379.
LaTeX Info: Redefining \dots on input line 382.
LaTeX Info: Redefining \cdots on input line 467.
\Mathstrutbox@=\box26
\strutbox@=\box27
\big@size=\dimen105
LaTeX Font Info:    Redeclaring font encoding OML on input line 567.
LaTeX Font Info:    Redeclaring font encoding OMS on input line 568.
\macc@depth=\count92
\c@MaxMatrixCols=\count93
\dotsspace@=\muskip10
\c@parentequation=\count94
\dspbrk@lvl=\count95
\tag@help=\toks15
\row@=\count96
\column@=\count97
\maxfields@=\count98
\andhelp@=\toks16
\eqnshift@=\dimen106
\alignsep@=\dimen107
\tagshift@=\dimen108
\tagwidth@=\dimen109
\totwidth@=\dimen110
\lineht@=\dimen111
\@envbody=\toks17
\multlinegap=\skip44
\multlinetaggap=\skip45
\mathdisplay@stack=\toks18
LaTeX Info: Redefining \[ on input line 2666.
LaTeX Info: Redefining \] on input line 2667.
)
(/usr/share/texmf-texlive/tex/latex/amsfonts/amssymb.sty
Package: amssymb 2009/06/22 v3.00

(/usr/share/texmf-texlive/tex/latex/amsfonts/amsfonts.sty
Package: amsfonts 2009/06/22 v3.00 Basic AMSFonts support
\symAMSa=\mathgroup4
\symAMSb=\mathgroup5
LaTeX Font Info:    Overwriting math alphabet `\mathfrak' in version `bold'
(Font)                  U/euf/m/n --> U/euf/b/n on input line 96.
))
(/usr/share/texmf-texlive/tex/latex/graphics/graphicx.sty
Package: graphicx 1999/02/16 v1.0f Enhanced LaTeX Graphics (DPC,SPQR)

(/usr/share/texmf-texlive/tex/latex/graphics/keyval.sty
Package: keyval 1999/03/16 v1.13 key=value parser (DPC)
\KV@toks@=\toks19
)
(/usr/share/texmf-texlive/tex/latex/graphics/graphics.sty
Package: graphics 2009/02/05 v1.0o Standard LaTeX Graphics (DPC,SPQR)

(/usr/share/texmf-texlive/tex/latex/graphics/trig.sty
Package: trig 1999/03/16 v1.09 sin cos tan (DPC)
)
(/etc/texmf/tex/latex/config/graphics.cfg
File: graphics.cfg 2009/08/28 v1.8 graphics configuration of TeX Live
)
Package graphics Info: Driver file: dvips.def on input line 91.

(/usr/share/texmf-texlive/tex/latex/graphics/dvips.def
File: dvips.def 1999/02/16 v3.0i Driver-dependant file (DPC,SPQR)
))
\Gin@req@height=\dimen112
\Gin@req@width=\dimen113
)
(/usr/share/texmf-texlive/tex/latex/geometry/geometry.sty
Package: geometry 2008/12/21 v4.2 Page Geometry

(/usr/share/texmf-texlive/tex/generic/oberdiek/ifpdf.sty
Package: ifpdf 2009/04/10 v2.0 Provides the ifpdf switch (HO)
Package ifpdf Info: pdfTeX in pdf mode not detected.
)
(/usr/share/texmf-texlive/tex/generic/oberdiek/ifvtex.sty
Package: ifvtex 2008/11/04 v1.4 Switches for detecting VTeX and its modes (HO)
Package ifvtex Info: VTeX not detected.
)
\Gm@cnth=\count99
\Gm@cntv=\count100
\c@Gm@tempcnt=\count101
\Gm@bindingoffset=\dimen114
\Gm@wd@mp=\dimen115
\Gm@odd@mp=\dimen116
\Gm@even@mp=\dimen117
\Gm@dimlist=\toks20
)
(/usr/share/texmf-texlive/tex/latex/setspace/setspace.sty
Package: setspace 2000/12/01 6.7 Contributed and Supported LaTeX2e package

Package: `setspace' 6.7 <2000/12/01>
) (/usr/share/texmf-texlive/tex/latex/tools/multicol.sty
Package: multicol 2008/12/05 v1.6h multicolumn formatting (FMi)
\c@tracingmulticols=\count102
\mult@box=\box28
\multicol@leftmargin=\dimen118
\c@unbalance=\count103
\c@collectmore=\count104
\doublecol@number=\count105
\multicoltolerance=\count106
\multicolpretolerance=\count107
\full@width=\dimen119
\page@free=\dimen120
\premulticols=\dimen121
\postmulticols=\dimen122
\multicolsep=\skip46
\multicolbaselineskip=\skip47
\partial@page=\box29
\last@line=\box30
\mult@rightbox=\box31
\mult@grightbox=\box32
\mult@gfirstbox=\box33
\mult@firstbox=\box34
\@tempa=\box35
\@tempa=\box36
\@tempa=\box37
\@tempa=\box38
\@tempa=\box39
\@tempa=\box40
\@tempa=\box41
\@tempa=\box42
\@tempa=\box43
\@tempa=\box44
\@tempa=\box45
\@tempa=\box46
\@tempa=\box47
\@tempa=\box48
\@tempa=\box49
\@tempa=\box50
\@tempa=\box51
\c@columnbadness=\count108
\c@finalcolumnbadness=\count109
\last@try=\dimen123
\multicolovershoot=\dimen124
\multicolundershoot=\dimen125
\mult@nat@firstbox=\box52
\colbreak@box=\box53
) (./cheat.aux)
\openout1 = `cheat.aux'.

LaTeX Font Info:    Checking defaults for OML/cmm/m/it on input line 15.
LaTeX Font Info:    ... okay on input line 15.
LaTeX Font Info:    Checking defaults for T1/cmr/m/n on input line 15.
LaTeX Font Info:    ... okay on input line 15.
LaTeX Font Info:    Checking defaults for OT1/cmr/m/n on input line 15.
LaTeX Font Info:    ... okay on input line 15.
LaTeX Font Info:    Checking defaults for OMS/cmsy/m/n on input line 15.
LaTeX Font Info:    ... okay on input line 15.
LaTeX Font Info:    Checking defaults for OMX/cmex/m/n on input line 15.
LaTeX Font Info:    ... okay on input line 15.
LaTeX Font Info:    Checking defaults for U/cmr/m/n on input line 15.
LaTeX Font Info:    ... okay on input line 15.

*geometry auto-detecting driver*
*geometry detected driver: dvips*
-------------------- Geometry parameters
paper: a4paper
landscape: true
twocolumn: --
twoside: true
asymmetric: --
h-parts: 14.22636pt, 816.59412pt, 14.22636pt
v-parts: 14.22636pt, 569.05515pt, 14.22636pt
hmarginratio: --
vmarginratio: --
lines: --
heightrounded: --
bindingoffset: 0.0pt
truedimen: --
includehead: --
includefoot: --
includemp: --
driver: dvips
-------------------- Page layout dimensions and switches
\paperwidth  845.04684pt
\paperheight 597.50787pt
\textwidth  816.59412pt
\textheight 569.05515pt
\oddsidemargin  -58.04362pt
\evensidemargin -58.04362pt
\topmargin  -95.04362pt
\headheight 12.0pt
\headsep    25.0pt
\footskip   30.0pt
\marginparwidth 121.0pt
\marginparsep   11.0pt
\columnsep  10.0pt
\skip\footins  9.0pt plus 4.0pt minus 2.0pt
\hoffset 0.0pt
\voffset 0.0pt
\mag 1000
\@twosidetrue \@mparswitchtrue 
(1in=72.27pt, 1cm=28.45pt)
-----------------------
LaTeX Font Info:    Try loading font information for U+msa on input line 23.
(/usr/share/texmf-texlive/tex/latex/amsfonts/umsa.fd
File: umsa.fd 2009/06/22 v3.00 AMS symbols A
)
LaTeX Font Info:    Try loading font information for U+msb on input line 23.

(/usr/share/texmf-texlive/tex/latex/amsfonts/umsb.fd
File: umsb.fd 2009/06/22 v3.00 AMS symbols B
)

Package amsmath Warning: Foreign command \over;
(amsmath)                \frac or \genfrac should be used instead
(amsmath)                 on input line 42.


Package amsmath Warning: Foreign command \atopwithdelims;
(amsmath)                \frac or \genfrac should be used instead
(amsmath)                 on input line 65.


Overfull \hbox (7.23575pt too wide) in paragraph at lines 65--65
[] |
 []


Underfull \hbox (badness 5022) in paragraph at lines 128--145
\OT1/cmr/m/n/10 also, $\OML/cmm/m/it/10 F[]\OT1/cmr/m/n/10 (\OML/cmm/m/it/10 x[
]; y[]; z[]\OT1/cmr/m/n/10 )(\OML/cmm/m/it/10 x \OMS/cmsy/m/n/10 ^^@ \OML/cmm/m
/it/10 x[]\OT1/cmr/m/n/10 ) + \OML/cmm/m/it/10 F[]\OT1/cmr/m/n/10 (\OML/cmm/m/i
t/10 x[]; y[]; z[]\OT1/cmr/m/n/10 )(\OML/cmm/m/it/10 y \OMS/cmsy/m/n/10 ^^@ \OM
L/cmm/m/it/10 y[]\OT1/cmr/m/n/10 ) +
 []


Underfull \hbox (badness 10000) in paragraph at lines 128--145

 []

[1

]
Underfull \hbox (badness 10000) in paragraph at lines 146--155

 []


Underfull \hbox (badness 10000) in paragraph at lines 156--173

 []


Underfull \hbox (badness 10000) in paragraph at lines 180--188

 []

[2]
Overfull \vbox (172.20291pt too high) has occurred while \output is active []


Overfull \vbox (171.20291pt too high) has occurred while \output is active []


Overfull \vbox (170.20291pt too high) has occurred while \output is active []


Overfull \vbox (169.20291pt too high) has occurred while \output is active []


Overfull \vbox (168.20291pt too high) has occurred while \output is active []


Overfull \vbox (167.20291pt too high) has occurred while \output is active []


Overfull \vbox (166.20291pt too high) has occurred while \output is active []


Overfull \vbox (165.20291pt too high) has occurred while \output is active []


Overfull \vbox (164.20291pt too high) has occurred while \output is active []


Overfull \vbox (163.20291pt too high) has occurred while \output is active []


Overfull \vbox (162.20291pt too high) has occurred while \output is active []


Overfull \vbox (161.20291pt too high) has occurred while \output is active []


Overfull \vbox (160.20291pt too high) has occurred while \output is active []


Overfull \vbox (159.20291pt too high) has occurred while \output is active []


Overfull \vbox (158.20291pt too high) has occurred while \output is active []


Overfull \vbox (157.20291pt too high) has occurred while \output is active []


Overfull \vbox (156.20291pt too high) has occurred while \output is active []


Overfull \vbox (155.20291pt too high) has occurred while \output is active []


Overfull \vbox (154.20291pt too high) has occurred while \output is active []


Overfull \vbox (153.20291pt too high) has occurred while \output is active []


Overfull \vbox (152.20291pt too high) has occurred while \output is active []


Overfull \vbox (151.20291pt too high) has occurred while \output is active []


Overfull \vbox (150.20291pt too high) has occurred while \output is active []


Overfull \vbox (149.20291pt too high) has occurred while \output is active []


Overfull \vbox (148.20291pt too high) has occurred while \output is active []


Overfull \vbox (147.20291pt too high) has occurred while \output is active []


Overfull \vbox (146.20291pt too high) has occurred while \output is active []


Overfull \vbox (145.20291pt too high) has occurred while \output is active []


Overfull \vbox (144.20291pt too high) has occurred while \output is active []


Overfull \vbox (143.20291pt too high) has occurred while \output is active []


Overfull \vbox (142.20291pt too high) has occurred while \output is active []


Overfull \vbox (141.20291pt too high) has occurred while \output is active []


Overfull \vbox (140.20291pt too high) has occurred while \output is active []


Overfull \vbox (139.20291pt too high) has occurred while \output is active []


Overfull \vbox (138.20291pt too high) has occurred while \output is active []


Overfull \vbox (137.20291pt too high) has occurred while \output is active []


Overfull \vbox (136.20291pt too high) has occurred while \output is active []


Overfull \vbox (135.20291pt too high) has occurred while \output is active []


Overfull \vbox (134.20291pt too high) has occurred while \output is active []


Overfull \vbox (133.20291pt too high) has occurred while \output is active []


Overfull \vbox (132.20291pt too high) has occurred while \output is active []


Overfull \vbox (131.20291pt too high) has occurred while \output is active []


Overfull \vbox (130.20291pt too high) has occurred while \output is active []


Overfull \vbox (129.20291pt too high) has occurred while \output is active []


Overfull \vbox (128.20291pt too high) has occurred while \output is active []


Overfull \vbox (127.20291pt too high) has occurred while \output is active []


Overfull \vbox (126.20291pt too high) has occurred while \output is active []


Overfull \vbox (125.20291pt too high) has occurred while \output is active []


Overfull \vbox (124.20291pt too high) has occurred while \output is active []


Overfull \vbox (123.20291pt too high) has occurred while \output is active []


Overfull \vbox (122.20291pt too high) has occurred while \output is active []


Overfull \vbox (121.20291pt too high) has occurred while \output is active []


Overfull \vbox (120.20291pt too high) has occurred while \output is active []


Overfull \vbox (119.20291pt too high) has occurred while \output is active []


Overfull \vbox (118.20291pt too high) has occurred while \output is active []


Overfull \vbox (117.20291pt too high) has occurred while \output is active []


Overfull \vbox (116.20291pt too high) has occurred while \output is active []


Overfull \vbox (115.20291pt too high) has occurred while \output is active []


Overfull \vbox (114.20291pt too high) has occurred while \output is active []


Overfull \vbox (113.20291pt too high) has occurred while \output is active []


Overfull \vbox (112.20291pt too high) has occurred while \output is active []


Overfull \vbox (111.20291pt too high) has occurred while \output is active []


Overfull \vbox (110.20291pt too high) has occurred while \output is active []


Overfull \vbox (109.20291pt too high) has occurred while \output is active []


Overfull \vbox (108.20291pt too high) has occurred while \output is active []


Overfull \vbox (107.20291pt too high) has occurred while \output is active []


Overfull \vbox (106.20291pt too high) has occurred while \output is active []


Overfull \vbox (105.20291pt too high) has occurred while \output is active []


Overfull \vbox (104.20291pt too high) has occurred while \output is active []


Overfull \vbox (103.20291pt too high) has occurred while \output is active []


Overfull \vbox (102.20291pt too high) has occurred while \output is active []


Overfull \vbox (101.20291pt too high) has occurred while \output is active []


Overfull \vbox (100.20291pt too high) has occurred while \output is active []


Overfull \vbox (99.20291pt too high) has occurred while \output is active []


Overfull \vbox (98.20291pt too high) has occurred while \output is active []


Overfull \vbox (97.20291pt too high) has occurred while \output is active []


Overfull \vbox (96.20291pt too high) has occurred while \output is active []


Overfull \vbox (95.20291pt too high) has occurred while \output is active []


Overfull \vbox (94.20291pt too high) has occurred while \output is active []


Overfull \vbox (93.20291pt too high) has occurred while \output is active []


Overfull \vbox (92.20291pt too high) has occurred while \output is active []


Overfull \vbox (91.20291pt too high) has occurred while \output is active []


Overfull \vbox (90.20291pt too high) has occurred while \output is active []


Overfull \vbox (89.20291pt too high) has occurred while \output is active []


Overfull \vbox (88.20291pt too high) has occurred while \output is active []


Overfull \vbox (87.20291pt too high) has occurred while \output is active []


Overfull \vbox (86.20291pt too high) has occurred while \output is active []


Overfull \vbox (85.20291pt too high) has occurred while \output is active []


Overfull \vbox (84.20291pt too high) has occurred while \output is active []


Overfull \vbox (83.20291pt too high) has occurred while \output is active []


Overfull \vbox (82.20291pt too high) has occurred while \output is active []


Overfull \vbox (81.20291pt too high) has occurred while \output is active []


Overfull \vbox (80.20291pt too high) has occurred while \output is active []


Overfull \vbox (79.20291pt too high) has occurred while \output is active []


Overfull \vbox (78.20291pt too high) has occurred while \output is active []


Overfull \vbox (77.20291pt too high) has occurred while \output is active []


Overfull \vbox (76.20291pt too high) has occurred while \output is active []


Overfull \vbox (75.20291pt too high) has occurred while \output is active []


Overfull \vbox (74.20291pt too high) has occurred while \output is active []


Overfull \vbox (73.20291pt too high) has occurred while \output is active []


Overfull \vbox (72.20291pt too high) has occurred while \output is active []


Overfull \vbox (71.20291pt too high) has occurred while \output is active []


Overfull \vbox (70.20291pt too high) has occurred while \output is active []


Overfull \vbox (69.20291pt too high) has occurred while \output is active []


Overfull \vbox (68.20291pt too high) has occurred while \output is active []


Overfull \vbox (67.20291pt too high) has occurred while \output is active []


Overfull \vbox (66.20291pt too high) has occurred while \output is active []


Overfull \vbox (65.20291pt too high) has occurred while \output is active []


Overfull \vbox (64.20291pt too high) has occurred while \output is active []


Overfull \vbox (63.20291pt too high) has occurred while \output is active []


Overfull \vbox (62.20291pt too high) has occurred while \output is active []


Overfull \vbox (61.20291pt too high) has occurred while \output is active []


Overfull \vbox (60.20291pt too high) has occurred while \output is active []


Overfull \vbox (59.20291pt too high) has occurred while \output is active []


Overfull \vbox (58.20291pt too high) has occurred while \output is active []


Overfull \vbox (57.20291pt too high) has occurred while \output is active []


Overfull \vbox (56.20291pt too high) has occurred while \output is active []


Overfull \vbox (55.20291pt too high) has occurred while \output is active []


Overfull \vbox (54.20291pt too high) has occurred while \output is active []


Overfull \vbox (53.20291pt too high) has occurred while \output is active []


Overfull \vbox (52.20291pt too high) has occurred while \output is active []


Overfull \vbox (51.20291pt too high) has occurred while \output is active []


Overfull \vbox (50.20291pt too high) has occurred while \output is active []


Overfull \vbox (49.20291pt too high) has occurred while \output is active []


Overfull \vbox (48.20291pt too high) has occurred while \output is active []


Overfull \vbox (47.20291pt too high) has occurred while \output is active []


Overfull \vbox (46.20291pt too high) has occurred while \output is active []


Overfull \vbox (45.20291pt too high) has occurred while \output is active []


Overfull \vbox (44.20291pt too high) has occurred while \output is active []


Overfull \vbox (43.20291pt too high) has occurred while \output is active []


Overfull \vbox (42.20291pt too high) has occurred while \output is active []


Overfull \vbox (41.20291pt too high) has occurred while \output is active []


Overfull \vbox (40.20291pt too high) has occurred while \output is active []


Overfull \vbox (39.20291pt too high) has occurred while \output is active []


Overfull \vbox (38.20291pt too high) has occurred while \output is active []


Overfull \vbox (37.20291pt too high) has occurred while \output is active []


Overfull \vbox (36.20291pt too high) has occurred while \output is active []


[3] (./cheat.aux) ) 
Here is how much of TeX's memory you used:
 1904 strings out of 495062
 23387 string characters out of 1182645
 108592 words of memory out of 3000000
 5092 multiletter control sequences out of 15000+50000
 5647 words of font info for 23 fonts, out of 3000000 for 9000
 28 hyphenation exceptions out of 8191
 27i,13n,32p,237b,240s stack positions out of 5000i,500n,10000p,200000b,50000s

Output written on cheat.dvi (3 pages, 24808 bytes).
